<?xml version="1.0" encoding="UTF-8"?>
<!-- Generated by org.testng.reporters.JUnitReportReporter -->
<testsuite skipped="0" hostname="MOCDTL01AS093T" name="com.equifax.automation.runner.UserInputTester" tests="1" failures="0" timestamp="15 Nov 2018 00:47:39 GMT" time="2.551" errors="0">
  <testcase name="GetWeatherDetails" time="2.551" classname="com.equifax.automation.runner.UserInputTester"/>
</testsuite> <!-- com.equifax.automation.runner.UserInputTester -->
